<?xml version="1.0" encoding="UTF-8"?>
<!-- Generated by org.testng.reporters.JUnitReportReporter -->
<testsuite skipped="0" hostname="LDCHLAP-PRADEEP" name="jenkins.NewTest" tests="1" failures="0" timestamp="2021-01-04T18:29:42 IST" time="21.766" errors="0">
  <testcase name="f" time="21.766" classname="jenkins.NewTest"/>
  <system-out/>
</testsuite> <!-- jenkins.NewTest -->
