<?xml version="1.0" encoding="UTF-8"?>
<!-- Generated by org.testng.reporters.JUnitReportReporter -->
<testsuite hostname="LDCHLAP-PRADEEP" failures="0" tests="1" name="jenkins.Locators" time="6.255" errors="0" timestamp="2021-03-17T19:45:46 IST" skipped="0">
  <testcase classname="jenkins.Locators" name="method" time="6.255"/>
  <system-out/>
</testsuite> <!-- jenkins.Locators -->
