<?xml version="1.0" encoding="UTF-8"?>
<!-- Generated by org.testng.reporters.JUnitReportReporter -->
<testsuite hostname="LDCHLAP-PRADEEP" failures="0" tests="1" name="jenkins.Testing" time="6.845" errors="0" timestamp="2021-01-17T10:33:14 IST" skipped="0">
  <testcase classname="jenkins.Testing" name="f" time="6.845"/>
  <system-out/>
</testsuite> <!-- jenkins.Testing -->
